root@151-248-126-161:~# redis-cli
127.0.0.1:6379> KEYS *
1) "spring:session:expirations:1632899220000"
2) "spring:session:index:org.springframework.session.FindByIndexNameSessionRepository.PRINCIPAL_NAME_INDEX_NAME:user@mail.ru"
3) "spring:session:expirations:1632898320000"
4) "spring:session:sessions:d6e35bc5-1a25-45c7-b3b7-916c2cf458e9"
5) "spring:session:sessions:expires:91158126-9354-4336-b78e-7467ab8ab9fd"
6) "spring:session:index:org.springframework.session.FindByIndexNameSessionRepository.PRINCIPAL_NAME_INDEX_NAME:admin@mail.ru"
7) "spring:session:expirations:1632898920000"
8) "spring:session:sessions:91158126-9354-4336-b78e-7467ab8ab9fd"
9) "spring:session:sessions:expires:d6e35bc5-1a25-45c7-b3b7-916c2cf458e9"
127.0.0.1:6379> HGETALL "spring:session:sessions:d6e35bc5-1a25-45c7-b3b7-916c2cf458e9"
 1) "sessionAttr:scopedTarget.cartServiceImpl"
 2) "{\"@class\":\"ru.geekbrains.service.CartServiceImpl\",\"lineItems\":[\"java.util.ArrayList\",[]],\"empty\":true}"
 3) "creationTime"
 4) "1632897098725"
 5) "lastAccessedTime"
 6) "1632897102239"
 7) "maxInactiveInterval"
 8) "1800"
 9) "sessionAttr:SPRING_SECURITY_CONTEXT"
10) "{\"@class\":\"org.springframework.security.core.context.SecurityContextImpl\",\"authentication\":{\"@class\":\"org.springframework.security.authentication.UsernamePasswordAuthenticationToken\",\"authorities\":[\"java.util.Collections$UnmodifiableRandomAccessList\",[{\"@class\":\"org.springframework.security.core.authority.SimpleGrantedAuthority\",\"authority\":\"ROLE_ADMIN\"}]],\"details\":{\"@class\":\"org.springframework.security.web.authentication.WebAuthenticationDetails\",\"remoteAddress\":\"0:0:0:0:0:0:0:1\",\"sessionId\":null},\"authenticated\":true,\"principal\":{\"@class\":\"org.springframework.security.core.userdetails.User\",\"password\":null,\"username\":\"admin@mail.ru\",\"authorities\":[\"java.util.Collections$UnmodifiableSet\",[{\"@class\":\"org.springframework.security.core.authority.SimpleGrantedAuthority\",\"authority\":\"ROLE_ADMIN\"}]],\"accountNonExpired\":true,\"accountNonLocked\":true,\"credentialsNonExpired\":true,\"enabled\":true},\"credentials\":null}}"
127.0.0.1:6379> HGETALL "spring:session:sessions:91158126-9354-4336-b78e-7467ab8ab9fd"
 1) "sessionAttr:scopedTarget.cartServiceImpl"
 2) "{\"@class\":\"ru.geekbrains.service.CartServiceImpl\",\"lineItems\":[\"java.util.ArrayList\",[{\"@class\":\"ru.geekbrains.service.dto.LineItem\",\"productId\":6,\"productDto\":{\"@class\":\"ru.geekbrains.controller.dto.ProductDto\",\"id\":6,\"title\":\"HP Laser 107a\",\"cost\":150.0,\"type\":\"BIG_DECIMAL\",\"description\":\"\",\"categoryDto\":{\"@class\":\"ru.geekbrains.controller.dto.CategoryDto\",\"id\":4,\"title\":\"Printer\"},\"brandDto\":{\"@class\":\"ru.geekbrains.controller.dto.BrandDto\",\"id\":3,\"title\":\"HP\"},\"pictures\":[\"java.util.ArrayList\",[21,22,23,24]]},\"color\":\"\",\"material\":\"\",\"saveGiftWrap\":false,\"giftWrap\":false,\"qty\":1,\"itemTotal\":[\"java.math.BigDecimal\",150.0]},{\"@class\":\"ru.geekbrains.service.dto.LineItem\",\"productId\":2,\"productDto\":{\"@class\":\"ru.geekbrains.controller.dto.ProductDto\",\"id\":2,\"title\":\"15.6\\\" ASUS 15 D543MA-DM1328T\",\"cost\":325.0,\"type\":\"BIG_DECIMAL\",\"description\":\"\",\"categoryDto\":{\"@class\":\"ru.geekbrains.controller.dto.CategoryDto\",\"id\":2,\"title\":\"Laptop\"},\"brandDto\":{\"@class\":\"ru.geekbrains.controller.dto.BrandDto\",\"id\":2,\"title\":\"ASUS\"},\"pictures\":[\"java.util.ArrayList\",[11,12,13,14]]},\"color\":\"\",\"material\":\"\",\"saveGiftWrap\":false,\"giftWrap\":false,\"qty\":1,\"itemTotal\":[\"java.math.BigDecimal\",325.0]},{\"@class\":\"ru.geekbrains.service.dto.LineItem\",\"productId\":5,\"productDto\":{\"@class\":\"ru.geekbrains.controller.dto.ProductDto\",\"id\":5,\"title\":\"Logitech M90\",\"cost\":15.00,\"type\":\"BIG_DECIMAL\",\"description\":\"\",\"categoryDto\":{\"@class\":\"ru.geekbrains.controller.dto.CategoryDto\",\"id\":6,\"title\":\"Mouse\"},\"brandDto\":{\"@class\":\"ru.geekbrains.controller.dto.BrandDto\",\"id\":4,\"title\":\"Logitech\"},\"pictures\":[\"java.util.ArrayList\",[15,16,17]]},\"color\":\"\",\"material\":\"\",\"saveGiftWrap\":true,\"giftWrap\":true,\"qty\":2,\"itemTotal\":[\"java.math.BigDecimal\",30.00]}]],\"empty\":false}"
 3) "creationTime"
 4) "1632896503644"
 5) "lastAccessedTime"
 6) "1632897393199"
 7) "maxInactiveInterval"
 8) "1800"
 9) "sessionAttr:SPRING_SECURITY_CONTEXT"
10) "{\"@class\":\"org.springframework.security.core.context.SecurityContextImpl\",\"authentication\":{\"@class\":\"org.springframework.security.authentication.UsernamePasswordAuthenticationToken\",\"authorities\":[\"java.util.Collections$UnmodifiableRandomAccessList\",[{\"@class\":\"org.springframework.security.core.authority.SimpleGrantedAuthority\",\"authority\":\"ROLE_USER\"}]],\"details\":{\"@class\":\"org.springframework.security.web.authentication.WebAuthenticationDetails\",\"remoteAddress\":\"127.0.0.1\",\"sessionId\":\"0b382bc1-7e4b-4acb-a55e-28360fe4869b\"},\"authenticated\":true,\"principal\":{\"@class\":\"org.springframework.security.core.userdetails.User\",\"password\":null,\"username\":\"user@mail.ru\",\"authorities\":[\"java.util.Collections$UnmodifiableSet\",[{\"@class\":\"org.springframework.security.core.authority.SimpleGrantedAuthority\",\"authority\":\"ROLE_USER\"}]],\"accountNonExpired\":true,\"accountNonLocked\":true,\"credentialsNonExpired\":true,\"enabled\":true},\"credentials\":null}}"
